<?xml version="1.0" encoding="UTF-8"?>
<testng-results skipped="0" failed="0" ignored="0" total="0" passed="0">
  <reporter-output>
  </reporter-output>
  <suite name="UiBaseTest" duration-ms="16" started-at="2018-11-12T14:52:34Z" finished-at="2018-11-12T14:52:34Z">
    <groups>
    </groups>
    <test name="Command line test" duration-ms="16" started-at="2018-11-12T14:52:34Z" finished-at="2018-11-12T14:52:34Z">
    </test> <!-- Command line test -->
  </suite> <!-- UiBaseTest -->
</testng-results>
